{"level":"info","message":"some foobar level-ed message","timestamp":"2015-11-18T02:07:58.468Z"}
{"level":"info","message":"some foobar level-ed message","timestamp":"2015-11-18T02:08:48.561Z"}
{"format":":method :url","level":"info","message":"some foobar level-ed message","timestamp":"2015-11-18T02:09:41.748Z"}
{"format":":method :url","level":"info","message":"some foobar level-ed message","timestamp":"2015-11-18T02:10:59.098Z"}
{"format":":method :url","level":"info","message":"some foobar level-ed message","timestamp":"2015-11-18T02:10:59.803Z"}
{"format":":method :url","level":"info","message":"some foobar level-ed message","timestamp":"2015-11-18T02:11:08.864Z"}
{"format":":method :url","level":"info","message":"some foobar level-ed message","timestamp":"2015-11-18T02:16:00.864Z"}
{"url":"/","method":"GET","level":"info","message":"some foobar level-ed message","timestamp":"2015-11-18T02:16:06.109Z"}
{"format":":method :url","level":"info","message":"some foobar level-ed message","timestamp":"2015-11-18T02:18:31.027Z"}
{"method":"GET","url":"/","level":"info","message":"some foobar level-ed message","timestamp":"2015-11-18T02:18:37.797Z"}
{"format":":method :url","level":"info","message":"some foobar level-ed message","timestamp":"2015-11-18T02:19:14.330Z"}
{"method":"GET","url":"/","level":"info","message":"请求","timestamp":"2015-11-18T02:19:19.051Z"}
{"format":":method :url","level":"info","message":"some foobar level-ed message","timestamp":"2015-11-18T02:22:01.050Z"}
{"format":":method :url","level":"info","message":"some foobar level-ed message","timestamp":"2015-11-18T02:22:01.669Z"}
{"format":":method :url","level":"info","message":"some foobar level-ed message","timestamp":"2015-11-18T02:23:16.873Z"}
{"method":"GET","url":"/","host":"localhost","level":"info","message":"请求","timestamp":"2015-11-18T02:23:21.162Z"}
{"format":":method :url","level":"info","message":"some foobar level-ed message","timestamp":"2015-11-18T02:24:30.009Z"}
{"format":":method :url","level":"info","message":"some foobar level-ed message","timestamp":"2015-11-18T02:24:33.922Z"}
{"method":"GET","url":"/","host":"localhost","code":200,"level":"info","message":"请求","timestamp":"2015-11-18T02:24:38.276Z"}
{"method":"GET","url":"/","host":"localhost","code":200,"level":"info","message":"请求","timestamp":"2015-11-18T02:25:21.198Z"}
{"method":"GET","url":"/","host":"localhost","code":200,"level":"info","message":"请求","timestamp":"2015-11-18T02:26:08.597Z"}
{"method":"GET","url":"/","host":"localhost","code":200,"level":"info","message":"请求","timestamp":"2015-11-18T02:27:18.702Z"}
{"method":"GET","url":"/","host":"localhost","code":200,"level":"info","message":"请求","timestamp":"2015-11-18T02:33:22.178Z"}
{"method":"GET","url":"/","host":"localhost","code":200,"level":"info","message":"请求","timestamp":"2015-11-18T02:38:47.825Z"}
{"method":"GET","url":"/","host":"localhost","code":200,"level":"info","message":"请求","timestamp":"2015-11-18T02:40:02.478Z"}
{"method":"GET","url":"/","host":"localhost","code":200,"route":{"path":"/","stack":[{"name":"<anonymous>","keys":[],"regexp":{},"method":"get"}],"methods":{"get":true}},"level":"info","message":"请求","timestamp":"2015-11-18T02:57:57.720Z"}
{"method":"GET","url":"/","host":"localhost","code":200,"state":false,"level":"info","message":"请求","timestamp":"2015-11-18T02:59:43.488Z"}
{"method":"GET","url":"/","host":"localhost","code":200,"state":false,"level":"info","message":"请求","timestamp":"2015-11-18T03:33:22.863Z"}
{"method":"GET","url":"/","host":"localhost","code":200,"state":false,"level":"info","message":"请求","timestamp":"2015-11-18T03:37:54.965Z"}
{"method":"GET","url":"/","host":"localhost","code":200,"state":false,"level":"info","message":"请求","timestamp":"2015-11-18T05:50:05.573Z"}
{"method":"GET","url":"/","host":"localhost","code":200,"state":false,"level":"info","message":"请求","timestamp":"2015-11-18T06:07:23.132Z"}
{"method":"GET","url":"/","host":"localhost","code":200,"state":false,"level":"info","message":"请求","timestamp":"2015-11-18T06:10:29.742Z"}
{"method":"GET","url":"/","host":"localhost","code":200,"state":false,"level":"info","message":"请求","timestamp":"2015-11-18T06:10:30.915Z"}
{"method":"GET","url":"/","host":"localhost","code":200,"state":false,"level":"info","message":"请求","timestamp":"2015-11-18T08:49:33.502Z"}
